<?xml version="1.0" encoding="UTF-8" ?>
<testsuite tests="34" failures="0" name="br.com.ama.testes.BDDTest" time="6.461" errors="0" skipped="23">
  <properties>
[...]
</properties>
  <testcase classname="Scenario: Cadastro com Sucesso." name="Given Eu sou um paciente nao cadastrado." time="0.002"/>
  <testcase classname="Scenario: Cadastro com Sucesso." name="When Eu entro com dados validos." time="0"/>
  <testcase classname="Scenario: Cadastro com Sucesso." name="Then Eu recebo uma mensagem de sucesso." time="0"/>
  <testcase classname="Scenario: Cadastro com Sucesso." name="Scenario: Cadastro com Sucesso." time="0"/>
  <testcase classname="Scenario: Cadastro com Erro." name="Given Eu sou um paciente nao cadastrado." time="0"/>
  <testcase classname="Scenario: Cadastro com Erro." name="When Eu entro com dados incorretos." time="0.005">
    <skipped/>
  </testcase>
  <testcase classname="Scenario: Cadastro com Erro." name="Then Eu recebo uma mensagem de alerta." time="0.005">
    <skipped/>
  </testcase>
  <testcase classname="Scenario: Cadastro com Erro." name="Scenario: Cadastro com Erro." time="0.005">
    <skipped/>
  </testcase>
  <testcase classname="Scenario: Cadastro com Erro." name="Scenario: Cadastro com Erro." time="0.005"/>
  <testcase classname="Scenario: Cadastro Repetido." name="Given Eu sou um paciente cadastrado." time="0.483">
    <skipped/>
  </testcase>
  <testcase classname="Scenario: Cadastro Repetido." name="When Eu entro com dados registrados." time="0.483">
    <skipped/>
  </testcase>
  <testcase classname="Scenario: Cadastro Repetido." name="Then Eu recebo uma mensagem de alerta informando que ja tenho acesso." time="0.483">
    <skipped/>
  </testcase>
  <testcase classname="Scenario: Cadastro Repetido." name="Scenario: Cadastro Repetido." time="0.483">
    <skipped/>
  </testcase>
  <testcase classname="Scenario: Cadastro Repetido." name="Scenario: Cadastro Repetido." time="0.483"/>
  <testcase classname="Scenario: Alteracao de dados." name="Given Eu sou um paciente cadastrado." time="0">
    <skipped/>
  </testcase>
  <testcase classname="Scenario: Alteracao de dados." name="When Eu entro com dados novos." time="0">
    <skipped/>
  </testcase>
  <testcase classname="Scenario: Alteracao de dados." name="Then Eu recebo uma mensagem de sucesso informando que os dados foram alterados." time="0">
    <skipped/>
  </testcase>
  <testcase classname="Scenario: Alteracao de dados." name="Scenario: Alteracao de dados." time="0">
    <skipped/>
  </testcase>
  <testcase classname="Scenario: Alteracao de dados." name="Scenario: Alteracao de dados." time="0"/>
  <testcase classname="Scenario: Consulta de Informacoes do Cadastro" name="Given Eu sou um paciente cadastrado." time="0.001">
    <skipped/>
  </testcase>
  <testcase classname="Scenario: Consulta de Informacoes do Cadastro" name="When Eu entro na tela de informacoes." time="0.001">
    <skipped/>
  </testcase>
  <testcase classname="Scenario: Consulta de Informacoes do Cadastro" name="Then Eu eh exibido uma tela com minhas informacoes" time="0.001">
    <skipped/>
  </testcase>
  <testcase classname="Scenario: Consulta de Informacoes do Cadastro" name="Scenario: Consulta de Informacoes do Cadastro" time="0.001">
    <skipped/>
  </testcase>
  <testcase classname="Scenario: Consulta de Informacoes do Cadastro" name="Scenario: Consulta de Informacoes do Cadastro" time="0.001"/>
  <testcase classname="Scenario: Informa\u00E7oes validas" name="Given cliente informa conta\u002C senha e agencia valida" time="0">
    <skipped/>
  </testcase>
  <testcase classname="Scenario: Informa\u00E7oes validas" name="When cliente solicitar o saldo" time="0">
    <skipped/>
  </testcase>
  <testcase classname="Scenario: Informa\u00E7oes validas" name="Then o sistema informa o saldo" time="0">
    <skipped/>
  </testcase>
  <testcase classname="Scenario: Informa\u00E7oes validas" name="Scenario: Informa\u00E7oes validas" time="0">
    <skipped/>
  </testcase>
  <testcase classname="Scenario: Informa\u00E7oes validas" name="Scenario: Informa\u00E7oes validas" time="0"/>
  <testcase classname="Scenario: Informa\u00E7oes invalidas" name="Given cliente informa conta\u002C senha ou agencia invalida" time="0">
    <skipped/>
  </testcase>
  <testcase classname="Scenario: Informa\u00E7oes invalidas" name="When cliente solicitar o saldo" time="0">
    <skipped/>
  </testcase>
  <testcase classname="Scenario: Informa\u00E7oes invalidas" name="Then o sistema informa um erro" time="0">
    <skipped/>
  </testcase>
  <testcase classname="Scenario: Informa\u00E7oes invalidas" name="Scenario: Informa\u00E7oes invalidas" time="0">
    <skipped/>
  </testcase>
  <testcase classname="Scenario: Informa\u00E7oes invalidas" name="Scenario: Informa\u00E7oes invalidas" time="0"/>
</testsuite>