<?xml version="1.0" encoding="UTF-8" ?>
<testsuite tests="37" failures="0" name="br.com.ama.testes.BDDTest" time="0.83" errors="0" skipped="31">
  <properties>
[...]
</properties>
  <testcase classname="Scenario: Informa\u00E7oes validas" name="Given cliente informa conta\u002C senha e agencia valida" time="0.003">
    <skipped/>
  </testcase>
  <testcase classname="Scenario: Informa\u00E7oes validas" name="When cliente solicitar o saldo" time="0.068">
    <skipped/>
  </testcase>
  <testcase classname="Scenario: Informa\u00E7oes validas" name="Then o sistema informa o saldo" time="0.068">
    <skipped/>
  </testcase>
  <testcase classname="Scenario: Informa\u00E7oes validas" name="Scenario: Informa\u00E7oes validas" time="0.068">
    <skipped/>
  </testcase>
  <testcase classname="Scenario: Informa\u00E7oes validas" name="Scenario: Informa\u00E7oes validas" time="0.068"/>
  <testcase classname="Scenario: Informa\u00E7oes invalidas" name="Given cliente informa conta\u002C senha ou agencia invalida" time="0">
    <skipped/>
  </testcase>
  <testcase classname="Scenario: Informa\u00E7oes invalidas" name="When cliente solicitar o saldo" time="0">
    <skipped/>
  </testcase>
  <testcase classname="Scenario: Informa\u00E7oes invalidas" name="Then o sistema informa um erro" time="0">
    <skipped/>
  </testcase>
  <testcase classname="Scenario: Informa\u00E7oes invalidas" name="Scenario: Informa\u00E7oes invalidas" time="0">
    <skipped/>
  </testcase>
  <testcase classname="Scenario: Informa\u00E7oes invalidas" name="Scenario: Informa\u00E7oes invalidas" time="0"/>
  <testcase classname="Scenario: depositar dinheiro" name="Given cliente informa conta\u002C senha e agencia valida" time="0">
    <skipped/>
  </testcase>
  <testcase classname="Scenario: depositar dinheiro" name="And o cliente possui 100 reais em conta" time="0">
    <skipped/>
  </testcase>
  <testcase classname="Scenario: depositar dinheiro" name="When cliente depositar 20 reais" time="0">
    <skipped/>
  </testcase>
  <testcase classname="Scenario: depositar dinheiro" name="Then o sistema informa que a opera\u00E7\u00E3o foi um sucesso" time="0">
    <skipped/>
  </testcase>
  <testcase classname="Scenario: depositar dinheiro" name="And a conta do cliente est\u00E1 com salda de 120 reais" time="0">
    <skipped/>
  </testcase>
  <testcase classname="Scenario: depositar dinheiro" name="Scenario: depositar dinheiro" time="0">
    <skipped/>
  </testcase>
  <testcase classname="Scenario: depositar dinheiro" name="Scenario: depositar dinheiro" time="0"/>
  <testcase classname="Scenario: depositar envelope vazio" name="Given cliente informa conta\u002C agencia valida" time="0.001">
    <skipped/>
  </testcase>
  <testcase classname="Scenario: depositar envelope vazio" name="And o cliente informa que h\u00E1 100 reais no envelope" time="0.001">
    <skipped/>
  </testcase>
  <testcase classname="Scenario: depositar envelope vazio" name="But n\u00E3o h\u00E1 nenhum dinheiro no envelope" time="0.001">
    <skipped/>
  </testcase>
  <testcase classname="Scenario: depositar envelope vazio" name="When cliente solicita o deposito do envelope" time="0.001">
    <skipped/>
  </testcase>
  <testcase classname="Scenario: depositar envelope vazio" name="Then o sistema informa que n\u00E3o h\u00E1 dinheiro no envelope." time="0.001">
    <skipped/>
  </testcase>
  <testcase classname="Scenario: depositar envelope vazio" name="And o Saldo n\u00E3o \u00E9 modificado" time="0.001">
    <skipped/>
  </testcase>
  <testcase classname="Scenario: depositar envelope vazio" name="Scenario: depositar envelope vazio" time="0.001">
    <skipped/>
  </testcase>
  <testcase classname="Scenario: depositar envelope vazio" name="Scenario: depositar envelope vazio" time="0.001"/>
  <testcase classname="Scenario: Saldo positivo" name="Given cliente tem 100 reais na conta" time="0">
    <skipped/>
  </testcase>
  <testcase classname="Scenario: Saldo positivo" name="When cliente solicitar a retirada de 100 reais" time="0">
    <skipped/>
  </testcase>
  <testcase classname="Scenario: Saldo positivo" name="Then o sistema aprova a retirada" time="0">
    <skipped/>
  </testcase>
  <testcase classname="Scenario: Saldo positivo" name="And o saldo atual \u00E9 de 0 reais" time="0">
    <skipped/>
  </testcase>
  <testcase classname="Scenario: Saldo positivo" name="Scenario: Saldo positivo" time="0">
    <skipped/>
  </testcase>
  <testcase classname="Scenario: Saldo positivo" name="Scenario: Saldo positivo" time="0"/>
  <testcase classname="Scenario: Nega\u00E7\u00E3o para retirar" name="Given cliente tem 100 reais na conta" time="0.001">
    <skipped/>
  </testcase>
  <testcase classname="Scenario: Nega\u00E7\u00E3o para retirar" name="When cliente solicitar a retirada de 200 reais" time="0.001">
    <skipped/>
  </testcase>
  <testcase classname="Scenario: Nega\u00E7\u00E3o para retirar" name="Then o sistema n\u00E3o aprova a retirada" time="0.001">
    <skipped/>
  </testcase>
  <testcase classname="Scenario: Nega\u00E7\u00E3o para retirar" name="And o saldo atual \u00E9 de 100 reais" time="0.001">
    <skipped/>
  </testcase>
  <testcase classname="Scenario: Nega\u00E7\u00E3o para retirar" name="Scenario: Nega\u00E7\u00E3o para retirar" time="0.001">
    <skipped/>
  </testcase>
  <testcase classname="Scenario: Nega\u00E7\u00E3o para retirar" name="Scenario: Nega\u00E7\u00E3o para retirar" time="0.001"/>
</testsuite>